<?xml version="1.0" encoding="UTF-8"?>
<testsuite xmlns:xsi="http://www.w3.org/2001/XMLSchema-instance" xsi:noNamespaceSchemaLocation="https://maven.apache.org/surefire/maven-surefire-plugin/xsd/surefire-test-report-3.0.xsd" version="3.0" name="com.pb.cucumbertest.stepdefinitions.TestRunner" time="0.575" tests="1" errors="1" skipped="0" failures="0">
  <properties>
    <property name="gopherProxySet" value="false"/>
    <property name="awt.toolkit" value="sun.lwawt.macosx.LWCToolkit"/>
    <property name="java.specification.version" value="11"/>
    <property name="sun.cpu.isalist" value=""/>
    <property name="sun.jnu.encoding" value="UTF-8"/>
    <property name="java.class.path" value="/Users/tarungoswami/git/cucumbertest/cucumbertest/target/test-classes:/Users/tarungoswami/git/cucumbertest/cucumbertest/target/classes:/Users/tarungoswami/.m2/repository/io/qameta/allure/allure-cucumber5-jvm/2.13.5/allure-cucumber5-jvm-2.13.5.jar:/Users/tarungoswami/.m2/repository/io/qameta/allure/allure-java-commons/2.13.5/allure-java-commons-2.13.5.jar:/Users/tarungoswami/.m2/repository/io/qameta/allure/allure-model/2.13.5/allure-model-2.13.5.jar:/Users/tarungoswami/.m2/repository/org/slf4j/slf4j-api/1.7.30/slf4j-api-1.7.30.jar:/Users/tarungoswami/.m2/repository/com/fasterxml/jackson/core/jackson-databind/2.9.8/jackson-databind-2.9.8.jar:/Users/tarungoswami/.m2/repository/com/fasterxml/jackson/core/jackson-annotations/2.9.0/jackson-annotations-2.9.0.jar:/Users/tarungoswami/.m2/repository/com/fasterxml/jackson/core/jackson-core/2.9.8/jackson-core-2.9.8.jar:/Users/tarungoswami/.m2/repository/org/apache/tika/tika-core/1.20/tika-core-1.20.jar:/Users/tarungoswami/.m2/repository/org/jooq/joor-java-8/0.9.10/joor-java-8-0.9.10.jar:/Users/tarungoswami/.m2/repository/io/cucumber/gherkin/5.1.0/gherkin-5.1.0.jar:/Users/tarungoswami/.m2/repository/io/cucumber/gherkin-jvm-deps/1.0.4/gherkin-jvm-deps-1.0.4.jar:/Users/tarungoswami/.m2/repository/junit/junit/4.13/junit-4.13.jar:/Users/tarungoswami/.m2/repository/org/hamcrest/hamcrest-core/1.3/hamcrest-core-1.3.jar:/Users/tarungoswami/.m2/repository/org/seleniumhq/selenium/selenium-server/3.141.59/selenium-server-3.141.59.jar:/Users/tarungoswami/.m2/repository/org/seleniumhq/selenium/selenium-java/3.141.59/selenium-java-3.141.59.jar:/Users/tarungoswami/.m2/repository/org/seleniumhq/selenium/selenium-api/3.141.59/selenium-api-3.141.59.jar:/Users/tarungoswami/.m2/repository/org/seleniumhq/selenium/selenium-chrome-driver/3.141.59/selenium-chrome-driver-3.141.59.jar:/Users/tarungoswami/.m2/repository/org/seleniumhq/selenium/selenium-edge-driver/3.141.59/selenium-edge-driver-3.141.59.jar:/Users/tarungoswami/.m2/repository/org/seleniumhq/selenium/selenium-firefox-driver/3.141.59/selenium-firefox-driver-3.141.59.jar:/Users/tarungoswami/.m2/repository/org/seleniumhq/selenium/selenium-ie-driver/3.141.59/selenium-ie-driver-3.141.59.jar:/Users/tarungoswami/.m2/repository/org/seleniumhq/selenium/selenium-opera-driver/3.141.59/selenium-opera-driver-3.141.59.jar:/Users/tarungoswami/.m2/repository/org/seleniumhq/selenium/selenium-remote-driver/3.141.59/selenium-remote-driver-3.141.59.jar:/Users/tarungoswami/.m2/repository/org/seleniumhq/selenium/selenium-safari-driver/3.141.59/selenium-safari-driver-3.141.59.jar:/Users/tarungoswami/.m2/repository/org/seleniumhq/selenium/selenium-support/3.141.59/selenium-support-3.141.59.jar:/Users/tarungoswami/.m2/repository/com/beust/jcommander/1.72/jcommander-1.72.jar:/Users/tarungoswami/.m2/repository/net/bytebuddy/byte-buddy/1.8.15/byte-buddy-1.8.15.jar:/Users/tarungoswami/.m2/repository/org/apache/commons/commons-exec/1.3/commons-exec-1.3.jar:/Users/tarungoswami/.m2/repository/com/google/guava/guava/25.0-jre/guava-25.0-jre.jar:/Users/tarungoswami/.m2/repository/com/google/code/findbugs/jsr305/1.3.9/jsr305-1.3.9.jar:/Users/tarungoswami/.m2/repository/org/checkerframework/checker-compat-qual/2.0.0/checker-compat-qual-2.0.0.jar:/Users/tarungoswami/.m2/repository/com/google/errorprone/error_prone_annotations/2.1.3/error_prone_annotations-2.1.3.jar:/Users/tarungoswami/.m2/repository/com/google/j2objc/j2objc-annotations/1.1/j2objc-annotations-1.1.jar:/Users/tarungoswami/.m2/repository/org/codehaus/mojo/animal-sniffer-annotations/1.14/animal-sniffer-annotations-1.14.jar:/Users/tarungoswami/.m2/repository/net/jcip/jcip-annotations/1.0/jcip-annotations-1.0.jar:/Users/tarungoswami/.m2/repository/org/seleniumhq/selenium/jetty-repacked/9.4.12.v20180830/jetty-repacked-9.4.12.v20180830.jar:/Users/tarungoswami/.m2/repository/com/squareup/okhttp3/okhttp/3.11.0/okhttp-3.11.0.jar:/Users/tarungoswami/.m2/repository/com/squareup/okio/okio/1.14.0/okio-1.14.0.jar:/Users/tarungoswami/.m2/repository/javax/servlet/javax.servlet-api/3.1.0/javax.servlet-api-3.1.0.jar:/Users/tarungoswami/.m2/repository/org/yaml/snakeyaml/1.19/snakeyaml-1.19.jar:/Users/tarungoswami/.m2/repository/tech/grasshopper/extentreports-cucumber6-adapter/1.0.0/extentreports-cucumber6-adapter-1.0.0.jar:/Users/tarungoswami/.m2/repository/com/aventstack/extentreports/4.1.6/extentreports-4.1.6.jar:/Users/tarungoswami/.m2/repository/org/freemarker/freemarker/2.3.29/freemarker-2.3.29.jar:/Users/tarungoswami/.m2/repository/org/apache/httpcomponents/httpclient/4.5.2/httpclient-4.5.2.jar:/Users/tarungoswami/.m2/repository/org/apache/httpcomponents/httpcore/4.4.4/httpcore-4.4.4.jar:/Users/tarungoswami/.m2/repository/commons-logging/commons-logging/1.2/commons-logging-1.2.jar:/Users/tarungoswami/.m2/repository/commons-codec/commons-codec/1.9/commons-codec-1.9.jar:/Users/tarungoswami/.m2/repository/org/apache/httpcomponents/httpmime/4.5.2/httpmime-4.5.2.jar:/Users/tarungoswami/.m2/repository/com/google/code/gson/gson/2.8.6/gson-2.8.6.jar:/Users/tarungoswami/.m2/repository/org/mongodb/bson/3.12.0/bson-3.12.0.jar:/Users/tarungoswami/.m2/repository/org/mongodb/mongodb-driver/3.3.0/mongodb-driver-3.3.0.jar:/Users/tarungoswami/.m2/repository/org/mongodb/mongodb-driver-core/3.3.0/mongodb-driver-core-3.3.0.jar:/Users/tarungoswami/.m2/repository/io/cucumber/cucumber-core/6.10.2/cucumber-core-6.10.2.jar:/Users/tarungoswami/.m2/repository/io/cucumber/cucumber-gherkin/6.10.2/cucumber-gherkin-6.10.2.jar:/Users/tarungoswami/.m2/repository/io/cucumber/cucumber-gherkin-messages/6.10.2/cucumber-gherkin-messages-6.10.2.jar:/Users/tarungoswami/.m2/repository/io/cucumber/messages/14.0.1/messages-14.0.1.jar:/Users/tarungoswami/.m2/repository/io/cucumber/tag-expressions/3.0.0/tag-expressions-3.0.0.jar:/Users/tarungoswami/.m2/repository/io/cucumber/cucumber-expressions/10.3.0/cucumber-expressions-10.3.0.jar:/Users/tarungoswami/.m2/repository/io/cucumber/datatable/3.5.0/datatable-3.5.0.jar:/Users/tarungoswami/.m2/repository/io/cucumber/cucumber-plugin/6.10.2/cucumber-plugin-6.10.2.jar:/Users/tarungoswami/.m2/repository/io/cucumber/docstring/6.10.2/docstring-6.10.2.jar:/Users/tarungoswami/.m2/repository/io/cucumber/html-formatter/12.0.0/html-formatter-12.0.0.jar:/Users/tarungoswami/.m2/repository/io/cucumber/create-meta/3.0.0/create-meta-3.0.0.jar:/Users/tarungoswami/.m2/repository/org/apiguardian/apiguardian-api/1.1.1/apiguardian-api-1.1.1.jar:/Users/tarungoswami/.m2/repository/io/cucumber/cucumber-java/6.10.2/cucumber-java-6.10.2.jar:/Users/tarungoswami/.m2/repository/io/cucumber/cucumber-junit/6.10.2/cucumber-junit-6.10.2.jar:/Users/tarungoswami/.m2/repository/commons-io/commons-io/2.7/commons-io-2.7.jar:"/>
    <property name="java.vm.vendor" value="Oracle Corporation"/>
    <property name="sun.arch.data.model" value="64"/>
    <property name="java.vendor.url" value="http://java.oracle.com/"/>
    <property name="user.timezone" value=""/>
    <property name="java.vm.specification.version" value="11"/>
    <property name="os.name" value="Mac OS X"/>
    <property name="sun.java.launcher" value="SUN_STANDARD"/>
    <property name="user.country" value="IN"/>
    <property name="sun.boot.library.path" value="/Library/Java/JavaVirtualMachines/jdk-11.0.1.jdk/Contents/Home/lib"/>
    <property name="sun.java.command" value="/Users/tarungoswami/git/cucumbertest/cucumbertest/target/surefire/surefirebooter3323825446231503759.jar /Users/tarungoswami/git/cucumbertest/cucumbertest/target/surefire 2021-09-27T23-47-10_750-jvmRun1 surefire17508899850519512366tmp surefire_03949563204944553997tmp"/>
    <property name="http.nonProxyHosts" value="local|*.local|169.254/16|*.169.254/16"/>
    <property name="jdk.debug" value="release"/>
    <property name="surefire.test.class.path" value="/Users/tarungoswami/git/cucumbertest/cucumbertest/target/test-classes:/Users/tarungoswami/git/cucumbertest/cucumbertest/target/classes:/Users/tarungoswami/.m2/repository/io/qameta/allure/allure-cucumber5-jvm/2.13.5/allure-cucumber5-jvm-2.13.5.jar:/Users/tarungoswami/.m2/repository/io/qameta/allure/allure-java-commons/2.13.5/allure-java-commons-2.13.5.jar:/Users/tarungoswami/.m2/repository/io/qameta/allure/allure-model/2.13.5/allure-model-2.13.5.jar:/Users/tarungoswami/.m2/repository/org/slf4j/slf4j-api/1.7.30/slf4j-api-1.7.30.jar:/Users/tarungoswami/.m2/repository/com/fasterxml/jackson/core/jackson-databind/2.9.8/jackson-databind-2.9.8.jar:/Users/tarungoswami/.m2/repository/com/fasterxml/jackson/core/jackson-annotations/2.9.0/jackson-annotations-2.9.0.jar:/Users/tarungoswami/.m2/repository/com/fasterxml/jackson/core/jackson-core/2.9.8/jackson-core-2.9.8.jar:/Users/tarungoswami/.m2/repository/org/apache/tika/tika-core/1.20/tika-core-1.20.jar:/Users/tarungoswami/.m2/repository/org/jooq/joor-java-8/0.9.10/joor-java-8-0.9.10.jar:/Users/tarungoswami/.m2/repository/io/cucumber/gherkin/5.1.0/gherkin-5.1.0.jar:/Users/tarungoswami/.m2/repository/io/cucumber/gherkin-jvm-deps/1.0.4/gherkin-jvm-deps-1.0.4.jar:/Users/tarungoswami/.m2/repository/junit/junit/4.13/junit-4.13.jar:/Users/tarungoswami/.m2/repository/org/hamcrest/hamcrest-core/1.3/hamcrest-core-1.3.jar:/Users/tarungoswami/.m2/repository/org/seleniumhq/selenium/selenium-server/3.141.59/selenium-server-3.141.59.jar:/Users/tarungoswami/.m2/repository/org/seleniumhq/selenium/selenium-java/3.141.59/selenium-java-3.141.59.jar:/Users/tarungoswami/.m2/repository/org/seleniumhq/selenium/selenium-api/3.141.59/selenium-api-3.141.59.jar:/Users/tarungoswami/.m2/repository/org/seleniumhq/selenium/selenium-chrome-driver/3.141.59/selenium-chrome-driver-3.141.59.jar:/Users/tarungoswami/.m2/repository/org/seleniumhq/selenium/selenium-edge-driver/3.141.59/selenium-edge-driver-3.141.59.jar:/Users/tarungoswami/.m2/repository/org/seleniumhq/selenium/selenium-firefox-driver/3.141.59/selenium-firefox-driver-3.141.59.jar:/Users/tarungoswami/.m2/repository/org/seleniumhq/selenium/selenium-ie-driver/3.141.59/selenium-ie-driver-3.141.59.jar:/Users/tarungoswami/.m2/repository/org/seleniumhq/selenium/selenium-opera-driver/3.141.59/selenium-opera-driver-3.141.59.jar:/Users/tarungoswami/.m2/repository/org/seleniumhq/selenium/selenium-remote-driver/3.141.59/selenium-remote-driver-3.141.59.jar:/Users/tarungoswami/.m2/repository/org/seleniumhq/selenium/selenium-safari-driver/3.141.59/selenium-safari-driver-3.141.59.jar:/Users/tarungoswami/.m2/repository/org/seleniumhq/selenium/selenium-support/3.141.59/selenium-support-3.141.59.jar:/Users/tarungoswami/.m2/repository/com/beust/jcommander/1.72/jcommander-1.72.jar:/Users/tarungoswami/.m2/repository/net/bytebuddy/byte-buddy/1.8.15/byte-buddy-1.8.15.jar:/Users/tarungoswami/.m2/repository/org/apache/commons/commons-exec/1.3/commons-exec-1.3.jar:/Users/tarungoswami/.m2/repository/com/google/guava/guava/25.0-jre/guava-25.0-jre.jar:/Users/tarungoswami/.m2/repository/com/google/code/findbugs/jsr305/1.3.9/jsr305-1.3.9.jar:/Users/tarungoswami/.m2/repository/org/checkerframework/checker-compat-qual/2.0.0/checker-compat-qual-2.0.0.jar:/Users/tarungoswami/.m2/repository/com/google/errorprone/error_prone_annotations/2.1.3/error_prone_annotations-2.1.3.jar:/Users/tarungoswami/.m2/repository/com/google/j2objc/j2objc-annotations/1.1/j2objc-annotations-1.1.jar:/Users/tarungoswami/.m2/repository/org/codehaus/mojo/animal-sniffer-annotations/1.14/animal-sniffer-annotations-1.14.jar:/Users/tarungoswami/.m2/repository/net/jcip/jcip-annotations/1.0/jcip-annotations-1.0.jar:/Users/tarungoswami/.m2/repository/org/seleniumhq/selenium/jetty-repacked/9.4.12.v20180830/jetty-repacked-9.4.12.v20180830.jar:/Users/tarungoswami/.m2/repository/com/squareup/okhttp3/okhttp/3.11.0/okhttp-3.11.0.jar:/Users/tarungoswami/.m2/repository/com/squareup/okio/okio/1.14.0/okio-1.14.0.jar:/Users/tarungoswami/.m2/repository/javax/servlet/javax.servlet-api/3.1.0/javax.servlet-api-3.1.0.jar:/Users/tarungoswami/.m2/repository/org/yaml/snakeyaml/1.19/snakeyaml-1.19.jar:/Users/tarungoswami/.m2/repository/tech/grasshopper/extentreports-cucumber6-adapter/1.0.0/extentreports-cucumber6-adapter-1.0.0.jar:/Users/tarungoswami/.m2/repository/com/aventstack/extentreports/4.1.6/extentreports-4.1.6.jar:/Users/tarungoswami/.m2/repository/org/freemarker/freemarker/2.3.29/freemarker-2.3.29.jar:/Users/tarungoswami/.m2/repository/org/apache/httpcomponents/httpclient/4.5.2/httpclient-4.5.2.jar:/Users/tarungoswami/.m2/repository/org/apache/httpcomponents/httpcore/4.4.4/httpcore-4.4.4.jar:/Users/tarungoswami/.m2/repository/commons-logging/commons-logging/1.2/commons-logging-1.2.jar:/Users/tarungoswami/.m2/repository/commons-codec/commons-codec/1.9/commons-codec-1.9.jar:/Users/tarungoswami/.m2/repository/org/apache/httpcomponents/httpmime/4.5.2/httpmime-4.5.2.jar:/Users/tarungoswami/.m2/repository/com/google/code/gson/gson/2.8.6/gson-2.8.6.jar:/Users/tarungoswami/.m2/repository/org/mongodb/bson/3.12.0/bson-3.12.0.jar:/Users/tarungoswami/.m2/repository/org/mongodb/mongodb-driver/3.3.0/mongodb-driver-3.3.0.jar:/Users/tarungoswami/.m2/repository/org/mongodb/mongodb-driver-core/3.3.0/mongodb-driver-core-3.3.0.jar:/Users/tarungoswami/.m2/repository/io/cucumber/cucumber-core/6.10.2/cucumber-core-6.10.2.jar:/Users/tarungoswami/.m2/repository/io/cucumber/cucumber-gherkin/6.10.2/cucumber-gherkin-6.10.2.jar:/Users/tarungoswami/.m2/repository/io/cucumber/cucumber-gherkin-messages/6.10.2/cucumber-gherkin-messages-6.10.2.jar:/Users/tarungoswami/.m2/repository/io/cucumber/messages/14.0.1/messages-14.0.1.jar:/Users/tarungoswami/.m2/repository/io/cucumber/tag-expressions/3.0.0/tag-expressions-3.0.0.jar:/Users/tarungoswami/.m2/repository/io/cucumber/cucumber-expressions/10.3.0/cucumber-expressions-10.3.0.jar:/Users/tarungoswami/.m2/repository/io/cucumber/datatable/3.5.0/datatable-3.5.0.jar:/Users/tarungoswami/.m2/repository/io/cucumber/cucumber-plugin/6.10.2/cucumber-plugin-6.10.2.jar:/Users/tarungoswami/.m2/repository/io/cucumber/docstring/6.10.2/docstring-6.10.2.jar:/Users/tarungoswami/.m2/repository/io/cucumber/html-formatter/12.0.0/html-formatter-12.0.0.jar:/Users/tarungoswami/.m2/repository/io/cucumber/create-meta/3.0.0/create-meta-3.0.0.jar:/Users/tarungoswami/.m2/repository/org/apiguardian/apiguardian-api/1.1.1/apiguardian-api-1.1.1.jar:/Users/tarungoswami/.m2/repository/io/cucumber/cucumber-java/6.10.2/cucumber-java-6.10.2.jar:/Users/tarungoswami/.m2/repository/io/cucumber/cucumber-junit/6.10.2/cucumber-junit-6.10.2.jar:/Users/tarungoswami/.m2/repository/commons-io/commons-io/2.7/commons-io-2.7.jar:"/>
    <property name="sun.cpu.endian" value="little"/>
    <property name="user.home" value="/Users/tarungoswami"/>
    <property name="user.language" value="en"/>
    <property name="java.specification.vendor" value="Oracle Corporation"/>
    <property name="java.version.date" value="2018-10-16"/>
    <property name="java.home" value="/Library/Java/JavaVirtualMachines/jdk-11.0.1.jdk/Contents/Home"/>
    <property name="file.separator" value="/"/>
    <property name="basedir" value="/Users/tarungoswami/git/cucumbertest/cucumbertest"/>
    <property name="java.vm.compressedOopsMode" value="Zero based"/>
    <property name="line.separator" value="&#10;"/>
    <property name="java.specification.name" value="Java Platform API Specification"/>
    <property name="java.vm.specification.vendor" value="Oracle Corporation"/>
    <property name="java.awt.graphicsenv" value="sun.awt.CGraphicsEnvironment"/>
    <property name="surefire.real.class.path" value="/Users/tarungoswami/git/cucumbertest/cucumbertest/target/surefire/surefirebooter3323825446231503759.jar"/>
    <property name="sun.management.compiler" value="HotSpot 64-Bit Tiered Compilers"/>
    <property name="ftp.nonProxyHosts" value="local|*.local|169.254/16|*.169.254/16"/>
    <property name="java.runtime.version" value="11.0.1+13-LTS"/>
    <property name="user.name" value="tarungoswami"/>
    <property name="path.separator" value=":"/>
    <property name="os.version" value="10.16"/>
    <property name="java.runtime.name" value="Java(TM) SE Runtime Environment"/>
    <property name="file.encoding" value="UTF-8"/>
    <property name="java.vm.name" value="Java HotSpot(TM) 64-Bit Server VM"/>
    <property name="java.vendor.version" value="18.9"/>
    <property name="localRepository" value="/Users/tarungoswami/.m2/repository"/>
    <property name="java.vendor.url.bug" value="http://bugreport.java.com/bugreport/"/>
    <property name="java.io.tmpdir" value="/var/folders/gl/sxfvlyrd7g9511qjxch0dmwc0000gn/T/"/>
    <property name="java.version" value="11.0.1"/>
    <property name="user.dir" value="/Users/tarungoswami/git/cucumbertest/cucumbertest"/>
    <property name="os.arch" value="x86_64"/>
    <property name="java.vm.specification.name" value="Java Virtual Machine Specification"/>
    <property name="java.awt.printerjob" value="sun.lwawt.macosx.CPrinterJob"/>
    <property name="sun.os.patch.level" value="unknown"/>
    <property name="java.library.path" value="/Users/tarungoswami/Library/Java/Extensions:/Library/Java/Extensions:/Network/Library/Java/Extensions:/System/Library/Java/Extensions:/usr/lib/java:."/>
    <property name="java.vendor" value="Oracle Corporation"/>
    <property name="java.vm.info" value="mixed mode"/>
    <property name="java.vm.version" value="11.0.1+13-LTS"/>
    <property name="sun.io.unicode.encoding" value="UnicodeBig"/>
    <property name="java.class.version" value="55.0"/>
    <property name="socksNonProxyHosts" value="local|*.local|169.254/16|*.169.254/16"/>
  </properties>
  <testcase name="" classname="com.pb.cucumbertest.stepdefinitions.TestRunner" time="0.566">
    <error message="Receiver class io.qameta.allure.cucumber5jvm.AllureCucumber5Jvm$$Lambda$141/0x0000000800131040 does not define or inherit an implementation of the resolved method abstract receive(Ljava/lang/Object;)V of interface io.cucumber.plugin.event.EventHandler." type="java.lang.AbstractMethodError"><![CDATA[java.lang.AbstractMethodError: Receiver class io.qameta.allure.cucumber5jvm.AllureCucumber5Jvm$$Lambda$141/0x0000000800131040 does not define or inherit an implementation of the resolved method abstract receive(Ljava/lang/Object;)V of interface io.cucumber.plugin.event.EventHandler.
]]></error>
    <system-err><![CDATA[SLF4J: Failed to load class "org.slf4j.impl.StaticLoggerBinder".
SLF4J: Defaulting to no-operation (NOP) logger implementation
SLF4J: See http://www.slf4j.org/codes.html#StaticLoggerBinder for further details.
]]></system-err>
  </testcase>
</testsuite>